android/app/build/intermediates/manifest_merge_blame_file/debug/manifest-merger-blame-debug-report.txt
1<?xml version="1.0" encoding="utf-8"?>
2<manifest xmlns:android="http://schemas.android.com/apk/res/android"
3    package="com.example.mica"
4    android:versionCode="1"
5    android:versionName="1.0.0" >
6
7    <uses-sdk
8        android:minSdkVersion="23"
9        android:targetSdkVersion="34" />
10    <!--
11         The INTERNET permission is required for development. Specifically,
12         the Flutter tool needs it to communicate with the running application
13         to allow setting breakpoints, to provide hot reload, etc.
14    -->
15    <uses-permission android:name="android.permission.INTERNET" />
15-->src\main\AndroidManifest.xml:9:1-63
15-->src\main\AndroidManifest.xml:9:18-60
16    <uses-permission android:name="android.permission.CAMERA" />
16-->src\main\AndroidManifest.xml:3:1-60
16-->src\main\AndroidManifest.xml:3:18-58
17    <uses-permission android:name="android.permission.WRITE_EXTERNAL_STORAGE" />
17-->src\main\AndroidManifest.xml:4:1-76
17-->src\main\AndroidManifest.xml:4:18-74
18    <uses-permission android:name="android.permission.READ_EXTERNAL_STORAGE" />
18-->src\main\AndroidManifest.xml:5:1-75
18-->src\main\AndroidManifest.xml:5:18-73
19    <uses-permission android:name="android.permission.ACCESS_FINE_LOCATION" />
19-->src\main\AndroidManifest.xml:6:1-74
19-->src\main\AndroidManifest.xml:6:18-72
20    <uses-permission android:name="android.permission.ACCESS_COARSE_LOCATION" />
20-->src\main\AndroidManifest.xml:7:1-76
20-->src\main\AndroidManifest.xml:7:18-74
21    <uses-permission android:name="android.permission.ACCESS_BACKGROUND_LOCATION" />
21-->src\main\AndroidManifest.xml:8:1-80
21-->src\main\AndroidManifest.xml:8:18-78
22
23    <queries>
23-->src\main\AndroidManifest.xml:37:5-42:15
24        <intent>
24-->src\main\AndroidManifest.xml:38:9-41:18
25            <action android:name="android.intent.action.PROCESS_TEXT" />
25-->src\main\AndroidManifest.xml:39:13-72
25-->src\main\AndroidManifest.xml:39:21-70
26
27            <data android:mimeType="text/plain" />
27-->src\main\AndroidManifest.xml:40:13-50
27-->src\main\AndroidManifest.xml:40:19-48
28        </intent>
29
30        <package android:name="com.facebook.katana" />
30-->[com.facebook.android:facebook-common:17.0.0] AndroidManifest.xml:18:9-55
30-->[com.facebook.android:facebook-common:17.0.0] AndroidManifest.xml:18:18-52
31    </queries>
32
33    <uses-permission android:name="android.permission.RECORD_AUDIO" />
33-->[:camera_android] AndroidManifest.xml:10:5-71
33-->[:camera_android] AndroidManifest.xml:10:22-68
34    <uses-permission android:name="com.google.android.gms.permission.AD_ID" />
34-->[com.facebook.android:facebook-core:17.0.0] AndroidManifest.xml:16:5-79
34-->[com.facebook.android:facebook-core:17.0.0] AndroidManifest.xml:16:22-76
35
36    <permission
36-->[androidx.core:core:1.13.0] AndroidManifest.xml:22:5-24:47
37        android:name="com.example.mica.DYNAMIC_RECEIVER_NOT_EXPORTED_PERMISSION"
37-->[androidx.core:core:1.13.0] AndroidManifest.xml:23:9-81
38        android:protectionLevel="signature" />
38-->[androidx.core:core:1.13.0] AndroidManifest.xml:24:9-44
39
40    <uses-permission android:name="com.example.mica.DYNAMIC_RECEIVER_NOT_EXPORTED_PERMISSION" />
40-->[androidx.core:core:1.13.0] AndroidManifest.xml:26:5-97
40-->[androidx.core:core:1.13.0] AndroidManifest.xml:26:22-94
41    <uses-permission android:name="com.google.android.finsky.permission.BIND_GET_INSTALL_REFERRER_SERVICE" />
41-->[com.android.installreferrer:installreferrer:1.0] AndroidManifest.xml:9:5-110
41-->[com.android.installreferrer:installreferrer:1.0] AndroidManifest.xml:9:22-107
42
43    <application
44        android:name="android.app.Application"
45        android:appComponentFactory="androidx.core.app.CoreComponentFactory"
45-->[androidx.core:core:1.13.0] AndroidManifest.xml:28:18-86
46        android:debuggable="true"
47        android:extractNativeLibs="false"
48        android:icon="@mipmap/ic_launcher"
49        android:label="mica"
50        android:supportsRtl="true" >
50-->[com.facebook.android:facebook-login:17.0.0] AndroidManifest.xml:16:18-44
51        <activity
52            android:name="com.example.mica.MainActivity"
53            android:configChanges="orientation|keyboardHidden|keyboard|screenSize|smallestScreenSize|locale|layoutDirection|fontScale|screenLayout|density|uiMode"
54            android:exported="true"
55            android:hardwareAccelerated="true"
56            android:launchMode="singleTop"
57            android:taskAffinity=""
58            android:theme="@style/LaunchTheme"
59            android:windowSoftInputMode="adjustResize" >
60            <meta-data
61                android:name="io.flutter.embedding.android.NormalTheme"
62                android:resource="@style/NormalTheme" />
63
64            <intent-filter>
65                <action android:name="android.intent.action.MAIN" />
66
67                <category android:name="android.intent.category.LAUNCHER" />
68            </intent-filter>
69        </activity>
70
71        <meta-data
72            android:name="flutterEmbedding"
73            android:value="2" />
74
75        <provider
75-->[:image_picker_android] AndroidManifest.xml:11:9-19:20
76            android:name="io.flutter.plugins.imagepicker.ImagePickerFileProvider"
76-->[:image_picker_android] AndroidManifest.xml:12:13-82
77            android:authorities="com.example.mica.flutter.image_provider"
77-->[:image_picker_android] AndroidManifest.xml:13:13-74
78            android:exported="false"
78-->[:image_picker_android] AndroidManifest.xml:14:13-37
79            android:grantUriPermissions="true" >
79-->[:image_picker_android] AndroidManifest.xml:15:13-47
80            <meta-data
80-->[:image_picker_android] AndroidManifest.xml:16:13-18:75
81                android:name="android.support.FILE_PROVIDER_PATHS"
81-->[:image_picker_android] AndroidManifest.xml:17:17-67
82                android:resource="@xml/flutter_image_picker_file_paths" />
82-->[:image_picker_android] AndroidManifest.xml:18:17-72
83        </provider> <!-- Trigger Google Play services to install the backported photo picker module. -->
84        <service
84-->[:image_picker_android] AndroidManifest.xml:21:9-33:19
85            android:name="com.google.android.gms.metadata.ModuleDependencies"
85-->[:image_picker_android] AndroidManifest.xml:22:13-78
86            android:enabled="false"
86-->[:image_picker_android] AndroidManifest.xml:23:13-36
87            android:exported="false" >
87-->[:image_picker_android] AndroidManifest.xml:24:13-37
88            <intent-filter>
88-->[:image_picker_android] AndroidManifest.xml:26:13-28:29
89                <action android:name="com.google.android.gms.metadata.MODULE_DEPENDENCIES" />
89-->[:image_picker_android] AndroidManifest.xml:27:17-94
89-->[:image_picker_android] AndroidManifest.xml:27:25-91
90            </intent-filter>
91
92            <meta-data
92-->[:image_picker_android] AndroidManifest.xml:30:13-32:36
93                android:name="photopicker_activity:0:required"
93-->[:image_picker_android] AndroidManifest.xml:31:17-63
94                android:value="" />
94-->[:image_picker_android] AndroidManifest.xml:32:17-33
95        </service>
96        <service
96-->[:geolocator_android] AndroidManifest.xml:10:9-14:56
97            android:name="com.baseflow.geolocator.GeolocatorLocationService"
97-->[:geolocator_android] AndroidManifest.xml:11:13-77
98            android:enabled="true"
98-->[:geolocator_android] AndroidManifest.xml:12:13-35
99            android:exported="false"
99-->[:geolocator_android] AndroidManifest.xml:13:13-37
100            android:foregroundServiceType="location" />
100-->[:geolocator_android] AndroidManifest.xml:14:13-53
101
102        <activity
102-->[com.facebook.android:facebook-common:17.0.0] AndroidManifest.xml:22:9-25:66
103            android:name="com.facebook.FacebookActivity"
103-->[com.facebook.android:facebook-common:17.0.0] AndroidManifest.xml:23:13-57
104            android:configChanges="keyboard|keyboardHidden|screenLayout|screenSize|orientation"
104-->[com.facebook.android:facebook-common:17.0.0] AndroidManifest.xml:24:13-96
105            android:theme="@style/com_facebook_activity_theme" />
105-->[com.facebook.android:facebook-common:17.0.0] AndroidManifest.xml:25:13-63
106        <activity android:name="com.facebook.CustomTabMainActivity" />
106-->[com.facebook.android:facebook-common:17.0.0] AndroidManifest.xml:26:9-71
106-->[com.facebook.android:facebook-common:17.0.0] AndroidManifest.xml:26:19-68
107        <activity
107-->[com.facebook.android:facebook-common:17.0.0] AndroidManifest.xml:27:9-41:20
108            android:name="com.facebook.CustomTabActivity"
108-->[com.facebook.android:facebook-common:17.0.0] AndroidManifest.xml:28:13-58
109            android:exported="true" >
109-->[com.facebook.android:facebook-common:17.0.0] AndroidManifest.xml:29:13-36
110            <intent-filter>
110-->[com.facebook.android:facebook-common:17.0.0] AndroidManifest.xml:31:13-40:29
111                <action android:name="android.intent.action.VIEW" />
111-->[com.facebook.android:facebook-common:17.0.0] AndroidManifest.xml:32:17-69
111-->[com.facebook.android:facebook-common:17.0.0] AndroidManifest.xml:32:25-66
112
113                <category android:name="android.intent.category.DEFAULT" />
113-->[com.facebook.android:facebook-common:17.0.0] AndroidManifest.xml:34:17-76
113-->[com.facebook.android:facebook-common:17.0.0] AndroidManifest.xml:34:27-73
114                <category android:name="android.intent.category.BROWSABLE" />
114-->[com.facebook.android:facebook-common:17.0.0] AndroidManifest.xml:35:17-78
114-->[com.facebook.android:facebook-common:17.0.0] AndroidManifest.xml:35:27-75
115
116                <data
116-->src\main\AndroidManifest.xml:40:13-50
117                    android:host="cct.com.example.mica"
118                    android:scheme="fbconnect" />
119            </intent-filter>
120        </activity>
121        <activity
121-->[com.google.android.gms:play-services-auth:21.0.0] AndroidManifest.xml:23:9-27:75
122            android:name="com.google.android.gms.auth.api.signin.internal.SignInHubActivity"
122-->[com.google.android.gms:play-services-auth:21.0.0] AndroidManifest.xml:24:13-93
123            android:excludeFromRecents="true"
123-->[com.google.android.gms:play-services-auth:21.0.0] AndroidManifest.xml:25:13-46
124            android:exported="false"
124-->[com.google.android.gms:play-services-auth:21.0.0] AndroidManifest.xml:26:13-37
125            android:theme="@android:style/Theme.Translucent.NoTitleBar" />
125-->[com.google.android.gms:play-services-auth:21.0.0] AndroidManifest.xml:27:13-72
126        <!--
127            Service handling Google Sign-In user revocation. For apps that do not integrate with
128            Google Sign-In, this service will never be started.
129        -->
130        <service
130-->[com.google.android.gms:play-services-auth:21.0.0] AndroidManifest.xml:33:9-37:51
131            android:name="com.google.android.gms.auth.api.signin.RevocationBoundService"
131-->[com.google.android.gms:play-services-auth:21.0.0] AndroidManifest.xml:34:13-89
132            android:exported="true"
132-->[com.google.android.gms:play-services-auth:21.0.0] AndroidManifest.xml:35:13-36
133            android:permission="com.google.android.gms.auth.api.signin.permission.REVOCATION_NOTIFICATION"
133-->[com.google.android.gms:play-services-auth:21.0.0] AndroidManifest.xml:36:13-107
134            android:visibleToInstantApps="true" />
134-->[com.google.android.gms:play-services-auth:21.0.0] AndroidManifest.xml:37:13-48
135
136        <activity
136-->[com.google.android.gms:play-services-base:18.3.0] AndroidManifest.xml:20:9-22:45
137            android:name="com.google.android.gms.common.api.GoogleApiActivity"
137-->[com.google.android.gms:play-services-base:18.3.0] AndroidManifest.xml:20:19-85
138            android:exported="false"
138-->[com.google.android.gms:play-services-base:18.3.0] AndroidManifest.xml:22:19-43
139            android:theme="@android:style/Theme.Translucent.NoTitleBar" />
139-->[com.google.android.gms:play-services-base:18.3.0] AndroidManifest.xml:21:19-78
140
141        <meta-data
141-->[com.google.android.gms:play-services-basement:18.3.0] AndroidManifest.xml:21:9-23:69
142            android:name="com.google.android.gms.version"
142-->[com.google.android.gms:play-services-basement:18.3.0] AndroidManifest.xml:22:13-58
143            android:value="@integer/google_play_services_version" />
143-->[com.google.android.gms:play-services-basement:18.3.0] AndroidManifest.xml:23:13-66
144        <!--
145         The initialization ContentProvider will call FacebookSdk.sdkInitialize automatically
146         with the application context. This config is merged in with the host app's manifest,
147         but there can only be one provider with the same authority activated at any given
148         point; so if the end user has two or more different apps that use Facebook SDK, only the
149         first one will be able to use the provider. To work around this problem, we use the
150         following placeholder in the authority to identify each host application as if it was
151         a completely different provider.
152        -->
153        <provider
153-->[com.facebook.android:facebook-core:17.0.0] AndroidManifest.xml:29:9-32:40
154            android:name="com.facebook.internal.FacebookInitProvider"
154-->[com.facebook.android:facebook-core:17.0.0] AndroidManifest.xml:30:13-70
155            android:authorities="com.example.mica.FacebookInitProvider"
155-->[com.facebook.android:facebook-core:17.0.0] AndroidManifest.xml:31:13-72
156            android:exported="false" />
156-->[com.facebook.android:facebook-core:17.0.0] AndroidManifest.xml:32:13-37
157
158        <receiver
158-->[com.facebook.android:facebook-core:17.0.0] AndroidManifest.xml:34:9-40:20
159            android:name="com.facebook.CurrentAccessTokenExpirationBroadcastReceiver"
159-->[com.facebook.android:facebook-core:17.0.0] AndroidManifest.xml:35:13-86
160            android:exported="false" >
160-->[com.facebook.android:facebook-core:17.0.0] AndroidManifest.xml:36:13-37
161            <intent-filter>
161-->[com.facebook.android:facebook-core:17.0.0] AndroidManifest.xml:37:13-39:29
162                <action android:name="com.facebook.sdk.ACTION_CURRENT_ACCESS_TOKEN_CHANGED" />
162-->[com.facebook.android:facebook-core:17.0.0] AndroidManifest.xml:38:17-95
162-->[com.facebook.android:facebook-core:17.0.0] AndroidManifest.xml:38:25-92
163            </intent-filter>
164        </receiver>
165        <receiver
165-->[com.facebook.android:facebook-core:17.0.0] AndroidManifest.xml:41:9-47:20
166            android:name="com.facebook.AuthenticationTokenManager$CurrentAuthenticationTokenChangedBroadcastReceiver"
166-->[com.facebook.android:facebook-core:17.0.0] AndroidManifest.xml:42:13-118
167            android:exported="false" >
167-->[com.facebook.android:facebook-core:17.0.0] AndroidManifest.xml:43:13-37
168            <intent-filter>
168-->[com.facebook.android:facebook-core:17.0.0] AndroidManifest.xml:44:13-46:29
169                <action android:name="com.facebook.sdk.ACTION_CURRENT_AUTHENTICATION_TOKEN_CHANGED" />
169-->[com.facebook.android:facebook-core:17.0.0] AndroidManifest.xml:45:17-103
169-->[com.facebook.android:facebook-core:17.0.0] AndroidManifest.xml:45:25-100
170            </intent-filter>
171        </receiver>
172
173        <uses-library
173-->[androidx.window:window:1.0.0-beta04] AndroidManifest.xml:25:9-27:40
174            android:name="androidx.window.extensions"
174-->[androidx.window:window:1.0.0-beta04] AndroidManifest.xml:26:13-54
175            android:required="false" />
175-->[androidx.window:window:1.0.0-beta04] AndroidManifest.xml:27:13-37
176        <uses-library
176-->[androidx.window:window:1.0.0-beta04] AndroidManifest.xml:28:9-30:40
177            android:name="androidx.window.sidecar"
177-->[androidx.window:window:1.0.0-beta04] AndroidManifest.xml:29:13-51
178            android:required="false" />
178-->[androidx.window:window:1.0.0-beta04] AndroidManifest.xml:30:13-37
179
180        <provider
180-->[androidx.profileinstaller:profileinstaller:1.3.0] AndroidManifest.xml:24:9-32:20
181            android:name="androidx.startup.InitializationProvider"
181-->[androidx.profileinstaller:profileinstaller:1.3.0] AndroidManifest.xml:25:13-67
182            android:authorities="com.example.mica.androidx-startup"
182-->[androidx.profileinstaller:profileinstaller:1.3.0] AndroidManifest.xml:26:13-68
183            android:exported="false" >
183-->[androidx.profileinstaller:profileinstaller:1.3.0] AndroidManifest.xml:27:13-37
184            <meta-data
184-->[androidx.profileinstaller:profileinstaller:1.3.0] AndroidManifest.xml:29:13-31:52
185                android:name="androidx.profileinstaller.ProfileInstallerInitializer"
185-->[androidx.profileinstaller:profileinstaller:1.3.0] AndroidManifest.xml:30:17-85
186                android:value="androidx.startup" />
186-->[androidx.profileinstaller:profileinstaller:1.3.0] AndroidManifest.xml:31:17-49
187        </provider>
188
189        <receiver
189-->[androidx.profileinstaller:profileinstaller:1.3.0] AndroidManifest.xml:34:9-52:20
190            android:name="androidx.profileinstaller.ProfileInstallReceiver"
190-->[androidx.profileinstaller:profileinstaller:1.3.0] AndroidManifest.xml:35:13-76
191            android:directBootAware="false"
191-->[androidx.profileinstaller:profileinstaller:1.3.0] AndroidManifest.xml:36:13-44
192            android:enabled="true"
192-->[androidx.profileinstaller:profileinstaller:1.3.0] AndroidManifest.xml:37:13-35
193            android:exported="true"
193-->[androidx.profileinstaller:profileinstaller:1.3.0] AndroidManifest.xml:38:13-36
194            android:permission="android.permission.DUMP" >
194-->[androidx.profileinstaller:profileinstaller:1.3.0] AndroidManifest.xml:39:13-57
195            <intent-filter>
195-->[androidx.profileinstaller:profileinstaller:1.3.0] AndroidManifest.xml:40:13-42:29
196                <action android:name="androidx.profileinstaller.action.INSTALL_PROFILE" />
196-->[androidx.profileinstaller:profileinstaller:1.3.0] AndroidManifest.xml:41:17-91
196-->[androidx.profileinstaller:profileinstaller:1.3.0] AndroidManifest.xml:41:25-88
197            </intent-filter>
198            <intent-filter>
198-->[androidx.profileinstaller:profileinstaller:1.3.0] AndroidManifest.xml:43:13-45:29
199                <action android:name="androidx.profileinstaller.action.SKIP_FILE" />
199-->[androidx.profileinstaller:profileinstaller:1.3.0] AndroidManifest.xml:44:17-85
199-->[androidx.profileinstaller:profileinstaller:1.3.0] AndroidManifest.xml:44:25-82
200            </intent-filter>
201            <intent-filter>
201-->[androidx.profileinstaller:profileinstaller:1.3.0] AndroidManifest.xml:46:13-48:29
202                <action android:name="androidx.profileinstaller.action.SAVE_PROFILE" />
202-->[androidx.profileinstaller:profileinstaller:1.3.0] AndroidManifest.xml:47:17-88
202-->[androidx.profileinstaller:profileinstaller:1.3.0] AndroidManifest.xml:47:25-85
203            </intent-filter>
204            <intent-filter>
204-->[androidx.profileinstaller:profileinstaller:1.3.0] AndroidManifest.xml:49:13-51:29
205                <action android:name="androidx.profileinstaller.action.BENCHMARK_OPERATION" />
205-->[androidx.profileinstaller:profileinstaller:1.3.0] AndroidManifest.xml:50:17-95
205-->[androidx.profileinstaller:profileinstaller:1.3.0] AndroidManifest.xml:50:25-92
206            </intent-filter>
207        </receiver>
208    </application>
209
210</manifest>